D:\DIPLOMA\PROJECTS\SPACEWANDERER\BUILDS\VISUALSTUDIO2012\DEBUG\LABELEDKNOB.OBJ
D:\DIPLOMA\PROJECTS\SPACEWANDERER\BUILDS\VISUALSTUDIO2012\DEBUG\JUCE_AUDIO_PLUGIN_CLIENT_VST2.OBJ
D:\DIPLOMA\PROJECTS\SPACEWANDERER\BUILDS\VISUALSTUDIO2012\DEBUG\JUCE_CRYPTOGRAPHY.OBJ
D:\DIPLOMA\PROJECTS\SPACEWANDERER\BUILDS\VISUALSTUDIO2012\DEBUG\JUCE_DATA_STRUCTURES.OBJ
D:\DIPLOMA\PROJECTS\SPACEWANDERER\BUILDS\VISUALSTUDIO2012\DEBUG\JUCE_EVENTS.OBJ
D:\DIPLOMA\PROJECTS\SPACEWANDERER\BUILDS\VISUALSTUDIO2012\DEBUG\JUCE_OPENGL.OBJ
D:\DIPLOMA\PROJECTS\SPACEWANDERER\BUILDS\VISUALSTUDIO2012\DEBUG\JUCE_AUDIO_DEVICES.OBJ
D:\DIPLOMA\PROJECTS\SPACEWANDERER\BUILDS\VISUALSTUDIO2012\DEBUG\JUCE_AUDIO_PLUGIN_CLIENT_VST3.OBJ
D:\DIPLOMA\PROJECTS\SPACEWANDERER\BUILDS\VISUALSTUDIO2012\DEBUG\JUCE_GUI_BASICS.OBJ
D:\DIPLOMA\PROJECTS\SPACEWANDERER\BUILDS\VISUALSTUDIO2012\DEBUG\JUCE_AUDIO_BASICS.OBJ
D:\DIPLOMA\PROJECTS\SPACEWANDERER\BUILDS\VISUALSTUDIO2012\DEBUG\JUCE_AUDIO_FORMATS.OBJ
D:\DIPLOMA\PROJECTS\SPACEWANDERER\BUILDS\VISUALSTUDIO2012\DEBUG\JUCE_AUDIO_PROCESSORS.OBJ
D:\DIPLOMA\PROJECTS\SPACEWANDERER\BUILDS\VISUALSTUDIO2012\DEBUG\JUCE_GUI_EXTRA.OBJ
D:\DIPLOMA\PROJECTS\SPACEWANDERER\BUILDS\VISUALSTUDIO2012\DEBUG\JUCE_AUDIO_PLUGIN_CLIENT_UTILS.OBJ
D:\DIPLOMA\PROJECTS\SPACEWANDERER\BUILDS\VISUALSTUDIO2012\DEBUG\JUCE_CORE.OBJ
D:\DIPLOMA\PROJECTS\SPACEWANDERER\BUILDS\VISUALSTUDIO2012\DEBUG\JUCE_GRAPHICS.OBJ
D:\DIPLOMA\PROJECTS\SPACEWANDERER\BUILDS\VISUALSTUDIO2012\DEBUG\JUCE_VIDEO.OBJ
D:\DIPLOMA\PROJECTS\SPACEWANDERER\BUILDS\VISUALSTUDIO2012\DEBUG\PLUGINEDITOR.OBJ
D:\DIPLOMA\PROJECTS\SPACEWANDERER\BUILDS\VISUALSTUDIO2012\DEBUG\ALGORITHM.OBJ
D:\DIPLOMA\PROJECTS\SPACEWANDERER\BUILDS\VISUALSTUDIO2012\DEBUG\PLUGINPROCESSOR.OBJ
D:\DIPLOMA\PROJECTS\SPACEWANDERER\BUILDS\VISUALSTUDIO2012\DEBUG\VC110.PDB
D:\DIPLOMA\PROJECTS\SPACEWANDERER\BUILDS\VISUALSTUDIO2012\DEBUG\PLUGINCONTROLS.OBJ
D:\DIPLOMA\PROJECTS\SPACEWANDERER\BUILDS\VISUALSTUDIO2012\DEBUG\SPACEWANDERER.ILK
D:\DIPLOMA\PROJECTS\SPACEWANDERER\BUILDS\VISUALSTUDIO2012\DEBUG\SPACEWANDERER.DLL
D:\DIPLOMA\PROJECTS\SPACEWANDERER\BUILDS\VISUALSTUDIO2012\DEBUG\SPACEWANDERER.PDB
D:\DIPLOMA\PROJECTS\SPACEWANDERER\BUILDS\VISUALSTUDIO2012\DEBUG\RESOURCES.RES
D:\Diploma\Projects\SpaceWanderer\Builds\VisualStudio2012\Debug\SpaceWanderer.lib
D:\Diploma\Projects\SpaceWanderer\Builds\VisualStudio2012\Debug\SpaceWanderer.exp
D:\Diploma\Projects\SpaceWanderer\Builds\VisualStudio2012\Debug\Algorithm.obj
D:\Diploma\Projects\SpaceWanderer\Builds\VisualStudio2012\Debug\juce_audio_basics.obj
D:\Diploma\Projects\SpaceWanderer\Builds\VisualStudio2012\Debug\juce_audio_devices.obj
D:\Diploma\Projects\SpaceWanderer\Builds\VisualStudio2012\Debug\juce_audio_formats.obj
D:\Diploma\Projects\SpaceWanderer\Builds\VisualStudio2012\Debug\juce_audio_plugin_client_utils.obj
D:\Diploma\Projects\SpaceWanderer\Builds\VisualStudio2012\Debug\juce_audio_plugin_client_VST2.obj
D:\Diploma\Projects\SpaceWanderer\Builds\VisualStudio2012\Debug\juce_audio_plugin_client_VST3.obj
D:\Diploma\Projects\SpaceWanderer\Builds\VisualStudio2012\Debug\juce_audio_processors.obj
D:\Diploma\Projects\SpaceWanderer\Builds\VisualStudio2012\Debug\juce_core.obj
D:\Diploma\Projects\SpaceWanderer\Builds\VisualStudio2012\Debug\juce_cryptography.obj
D:\Diploma\Projects\SpaceWanderer\Builds\VisualStudio2012\Debug\juce_data_structures.obj
D:\Diploma\Projects\SpaceWanderer\Builds\VisualStudio2012\Debug\juce_events.obj
D:\Diploma\Projects\SpaceWanderer\Builds\VisualStudio2012\Debug\juce_graphics.obj
D:\Diploma\Projects\SpaceWanderer\Builds\VisualStudio2012\Debug\juce_gui_basics.obj
D:\Diploma\Projects\SpaceWanderer\Builds\VisualStudio2012\Debug\juce_gui_extra.obj
D:\Diploma\Projects\SpaceWanderer\Builds\VisualStudio2012\Debug\juce_opengl.obj
D:\Diploma\Projects\SpaceWanderer\Builds\VisualStudio2012\Debug\juce_video.obj
D:\Diploma\Projects\SpaceWanderer\Builds\VisualStudio2012\Debug\LabeledKnob.obj
D:\Diploma\Projects\SpaceWanderer\Builds\VisualStudio2012\Debug\PluginControls.obj
D:\Diploma\Projects\SpaceWanderer\Builds\VisualStudio2012\Debug\PluginEditor.obj
D:\Diploma\Projects\SpaceWanderer\Builds\VisualStudio2012\Debug\PluginProcessor.obj
D:\Diploma\Projects\SpaceWanderer\Builds\VisualStudio2012\Debug\CL.2724.read.1.tlog
D:\Diploma\Projects\SpaceWanderer\Builds\VisualStudio2012\Debug\CL.2724.write.1.tlog
D:\Diploma\Projects\SpaceWanderer\Builds\VisualStudio2012\Debug\CL.3160.read.1.tlog
D:\Diploma\Projects\SpaceWanderer\Builds\VisualStudio2012\Debug\CL.3160.write.1.tlog
D:\Diploma\Projects\SpaceWanderer\Builds\VisualStudio2012\Debug\CL.3168.read.1.tlog
D:\Diploma\Projects\SpaceWanderer\Builds\VisualStudio2012\Debug\CL.3168.write.1.tlog
D:\Diploma\Projects\SpaceWanderer\Builds\VisualStudio2012\Debug\CL.3276.read.1.tlog
D:\Diploma\Projects\SpaceWanderer\Builds\VisualStudio2012\Debug\CL.3276.write.1.tlog
D:\Diploma\Projects\SpaceWanderer\Builds\VisualStudio2012\Debug\CL.4348.read.1.tlog
D:\Diploma\Projects\SpaceWanderer\Builds\VisualStudio2012\Debug\CL.4348.write.1.tlog
D:\Diploma\Projects\SpaceWanderer\Builds\VisualStudio2012\Debug\CL.4592.read.1.tlog
D:\Diploma\Projects\SpaceWanderer\Builds\VisualStudio2012\Debug\CL.4592.write.1.tlog
D:\Diploma\Projects\SpaceWanderer\Builds\VisualStudio2012\Debug\CL.4608.read.1.tlog
D:\Diploma\Projects\SpaceWanderer\Builds\VisualStudio2012\Debug\CL.4608.write.1.tlog
D:\Diploma\Projects\SpaceWanderer\Builds\VisualStudio2012\Debug\CL.5020.read.1.tlog
D:\Diploma\Projects\SpaceWanderer\Builds\VisualStudio2012\Debug\CL.5020.write.1.tlog
D:\Diploma\Projects\SpaceWanderer\Builds\VisualStudio2012\Debug\CL.5408.read.1.tlog
D:\Diploma\Projects\SpaceWanderer\Builds\VisualStudio2012\Debug\CL.5408.write.1.tlog
D:\Diploma\Projects\SpaceWanderer\Builds\VisualStudio2012\Debug\CL.5540.read.1.tlog
D:\Diploma\Projects\SpaceWanderer\Builds\VisualStudio2012\Debug\CL.5540.write.1.tlog
D:\Diploma\Projects\SpaceWanderer\Builds\VisualStudio2012\Debug\CL.5652.read.1.tlog
D:\Diploma\Projects\SpaceWanderer\Builds\VisualStudio2012\Debug\CL.5652.write.1.tlog
D:\Diploma\Projects\SpaceWanderer\Builds\VisualStudio2012\Debug\CL.5856.read.1.tlog
D:\Diploma\Projects\SpaceWanderer\Builds\VisualStudio2012\Debug\CL.5856.write.1.tlog
D:\Diploma\Projects\SpaceWanderer\Builds\VisualStudio2012\Debug\CL.5988.read.1.tlog
D:\Diploma\Projects\SpaceWanderer\Builds\VisualStudio2012\Debug\CL.5988.write.1.tlog
D:\Diploma\Projects\SpaceWanderer\Builds\VisualStudio2012\Debug\CL.6016.read.1.tlog
D:\Diploma\Projects\SpaceWanderer\Builds\VisualStudio2012\Debug\CL.6016.write.1.tlog
D:\Diploma\Projects\SpaceWanderer\Builds\VisualStudio2012\Debug\CL.6364.read.1.tlog
D:\Diploma\Projects\SpaceWanderer\Builds\VisualStudio2012\Debug\CL.6364.write.1.tlog
D:\Diploma\Projects\SpaceWanderer\Builds\VisualStudio2012\Debug\CL.6480.read.1.tlog
D:\Diploma\Projects\SpaceWanderer\Builds\VisualStudio2012\Debug\CL.6480.write.1.tlog
D:\Diploma\Projects\SpaceWanderer\Builds\VisualStudio2012\Debug\CL.6732.read.1.tlog
D:\Diploma\Projects\SpaceWanderer\Builds\VisualStudio2012\Debug\CL.6732.write.1.tlog
D:\Diploma\Projects\SpaceWanderer\Builds\VisualStudio2012\Debug\CL.6756.read.1.tlog
D:\Diploma\Projects\SpaceWanderer\Builds\VisualStudio2012\Debug\CL.6756.write.1.tlog
D:\Diploma\Projects\SpaceWanderer\Builds\VisualStudio2012\Debug\CL.6816.read.1.tlog
D:\Diploma\Projects\SpaceWanderer\Builds\VisualStudio2012\Debug\CL.6816.write.1.tlog
D:\Diploma\Projects\SpaceWanderer\Builds\VisualStudio2012\Debug\CL.6996.read.1.tlog
D:\Diploma\Projects\SpaceWanderer\Builds\VisualStudio2012\Debug\CL.6996.write.1.tlog
D:\Diploma\Projects\SpaceWanderer\Builds\VisualStudio2012\Debug\CL.7084.read.1.tlog
D:\Diploma\Projects\SpaceWanderer\Builds\VisualStudio2012\Debug\CL.7084.write.1.tlog
D:\Diploma\Projects\SpaceWanderer\Builds\VisualStudio2012\Debug\CL.7336.read.1.tlog
D:\Diploma\Projects\SpaceWanderer\Builds\VisualStudio2012\Debug\CL.7336.write.1.tlog
D:\Diploma\Projects\SpaceWanderer\Builds\VisualStudio2012\Debug\CL.7380.read.1.tlog
D:\Diploma\Projects\SpaceWanderer\Builds\VisualStudio2012\Debug\CL.7380.write.1.tlog
D:\Diploma\Projects\SpaceWanderer\Builds\VisualStudio2012\Debug\CL.7456.read.1.tlog
D:\Diploma\Projects\SpaceWanderer\Builds\VisualStudio2012\Debug\CL.7456.write.1.tlog
D:\Diploma\Projects\SpaceWanderer\Builds\VisualStudio2012\Debug\CL.7460.read.1.tlog
D:\Diploma\Projects\SpaceWanderer\Builds\VisualStudio2012\Debug\CL.7460.write.1.tlog
D:\Diploma\Projects\SpaceWanderer\Builds\VisualStudio2012\Debug\CL.7492.read.1.tlog
D:\Diploma\Projects\SpaceWanderer\Builds\VisualStudio2012\Debug\CL.7492.write.1.tlog
D:\Diploma\Projects\SpaceWanderer\Builds\VisualStudio2012\Debug\CL.7600.read.1.tlog
D:\Diploma\Projects\SpaceWanderer\Builds\VisualStudio2012\Debug\CL.7600.write.1.tlog
D:\Diploma\Projects\SpaceWanderer\Builds\VisualStudio2012\Debug\CL.7628.read.1.tlog
D:\Diploma\Projects\SpaceWanderer\Builds\VisualStudio2012\Debug\CL.7628.write.1.tlog
D:\Diploma\Projects\SpaceWanderer\Builds\VisualStudio2012\Debug\CL.7864.read.1.tlog
D:\Diploma\Projects\SpaceWanderer\Builds\VisualStudio2012\Debug\CL.7864.write.1.tlog
D:\Diploma\Projects\SpaceWanderer\Builds\VisualStudio2012\Debug\CL.7952.read.1.tlog
D:\Diploma\Projects\SpaceWanderer\Builds\VisualStudio2012\Debug\CL.7952.write.1.tlog
D:\Diploma\Projects\SpaceWanderer\Builds\VisualStudio2012\Debug\CL.7988.read.1.tlog
D:\Diploma\Projects\SpaceWanderer\Builds\VisualStudio2012\Debug\CL.7988.write.1.tlog
D:\Diploma\Projects\SpaceWanderer\Builds\VisualStudio2012\Debug\CL.8012.read.1.tlog
D:\Diploma\Projects\SpaceWanderer\Builds\VisualStudio2012\Debug\CL.8012.write.1.tlog
D:\Diploma\Projects\SpaceWanderer\Builds\VisualStudio2012\Debug\CL.8160.read.1.tlog
D:\Diploma\Projects\SpaceWanderer\Builds\VisualStudio2012\Debug\CL.8160.write.1.tlog
D:\Diploma\Projects\SpaceWanderer\Builds\VisualStudio2012\Debug\cl.command.1.tlog
D:\Diploma\Projects\SpaceWanderer\Builds\VisualStudio2012\Debug\CL.read.1.tlog
D:\Diploma\Projects\SpaceWanderer\Builds\VisualStudio2012\Debug\CL.write.1.tlog
D:\Diploma\Projects\SpaceWanderer\Builds\VisualStudio2012\Debug\link-cvtres.read.1.tlog
D:\Diploma\Projects\SpaceWanderer\Builds\VisualStudio2012\Debug\link-cvtres.write.1.tlog
D:\Diploma\Projects\SpaceWanderer\Builds\VisualStudio2012\Debug\link-rc.read.1.tlog
D:\Diploma\Projects\SpaceWanderer\Builds\VisualStudio2012\Debug\link-rc.write.1.tlog
D:\Diploma\Projects\SpaceWanderer\Builds\VisualStudio2012\Debug\link.2980-cvtres.read.1.tlog
D:\Diploma\Projects\SpaceWanderer\Builds\VisualStudio2012\Debug\link.2980-cvtres.write.1.tlog
D:\Diploma\Projects\SpaceWanderer\Builds\VisualStudio2012\Debug\link.2980-rc.read.1.tlog
D:\Diploma\Projects\SpaceWanderer\Builds\VisualStudio2012\Debug\link.2980-rc.write.1.tlog
D:\Diploma\Projects\SpaceWanderer\Builds\VisualStudio2012\Debug\link.2980.read.1.tlog
D:\Diploma\Projects\SpaceWanderer\Builds\VisualStudio2012\Debug\link.2980.write.1.tlog
D:\Diploma\Projects\SpaceWanderer\Builds\VisualStudio2012\Debug\link.6852-cvtres.read.1.tlog
D:\Diploma\Projects\SpaceWanderer\Builds\VisualStudio2012\Debug\link.6852-cvtres.write.1.tlog
D:\Diploma\Projects\SpaceWanderer\Builds\VisualStudio2012\Debug\link.6852-rc.read.1.tlog
D:\Diploma\Projects\SpaceWanderer\Builds\VisualStudio2012\Debug\link.6852-rc.write.1.tlog
D:\Diploma\Projects\SpaceWanderer\Builds\VisualStudio2012\Debug\link.6852.read.1.tlog
D:\Diploma\Projects\SpaceWanderer\Builds\VisualStudio2012\Debug\link.6852.write.1.tlog
D:\Diploma\Projects\SpaceWanderer\Builds\VisualStudio2012\Debug\link.7236-cvtres.read.1.tlog
D:\Diploma\Projects\SpaceWanderer\Builds\VisualStudio2012\Debug\link.7236-cvtres.write.1.tlog
D:\Diploma\Projects\SpaceWanderer\Builds\VisualStudio2012\Debug\link.7236-rc.read.1.tlog
D:\Diploma\Projects\SpaceWanderer\Builds\VisualStudio2012\Debug\link.7236-rc.write.1.tlog
D:\Diploma\Projects\SpaceWanderer\Builds\VisualStudio2012\Debug\link.7236.read.1.tlog
D:\Diploma\Projects\SpaceWanderer\Builds\VisualStudio2012\Debug\link.7236.write.1.tlog
D:\Diploma\Projects\SpaceWanderer\Builds\VisualStudio2012\Debug\link.command.1.tlog
D:\Diploma\Projects\SpaceWanderer\Builds\VisualStudio2012\Debug\link.read.1.tlog
D:\Diploma\Projects\SpaceWanderer\Builds\VisualStudio2012\Debug\link.write.1.tlog
D:\Diploma\Projects\SpaceWanderer\Builds\VisualStudio2012\Debug\rc.command.1.tlog
D:\Diploma\Projects\SpaceWanderer\Builds\VisualStudio2012\Debug\rc.read.1.tlog
D:\Diploma\Projects\SpaceWanderer\Builds\VisualStudio2012\Debug\rc.write.1.tlog
D:\Diploma\Projects\SpaceWanderer\Builds\VisualStudio2012\Debug\SpaceWanderer.write.1.tlog
D:\Diploma\Projects\SpaceWanderer\Builds\VisualStudio2012\Debug\resources.res
D:\Diploma\Projects\SpaceWanderer\Builds\VisualStudio2012\Debug\vc110.idb
D:\Diploma\Projects\SpaceWanderer\Builds\VisualStudio2012\Debug\SpaceWanderer.pdb
D:\Diploma\Projects\SpaceWanderer\Builds\VisualStudio2012\Debug\vc110.pdb
